<?xml version="1.0" encoding="UTF-8"?>
<testng-results skipped="0" failed="0" ignored="0" total="1" passed="1">
  <reporter-output>
  </reporter-output>
  <suite name="Default suite" duration-ms="9124" started-at="2020-05-31T15:12:40 IST" finished-at="2020-05-31T15:12:49 IST">
    <groups>
    </groups>
    <test name="Default test" duration-ms="9124" started-at="2020-05-31T15:12:40 IST" finished-at="2020-05-31T15:12:49 IST">
      <class name="testcases.Test1">
        <test-method status="PASS" signature="setup()[pri:0, instance:testcases.Test1@d44fc21]" name="setup" is-config="true" duration-ms="7751" started-at="2020-05-31T15:12:40 IST" finished-at="2020-05-31T15:12:48 IST">
          <reporter-output>
          </reporter-output>
        </test-method> <!-- setup -->
        <test-method status="PASS" signature="openInChromeBrowser()[pri:0, instance:testcases.Test1@d44fc21]" name="openInChromeBrowser" duration-ms="651" started-at="2020-05-31T15:12:48 IST" finished-at="2020-05-31T15:12:49 IST">
          <reporter-output>
          </reporter-output>
        </test-method> <!-- openInChromeBrowser -->
        <test-method status="PASS" signature="teardown()[pri:0, instance:testcases.Test1@d44fc21]" name="teardown" is-config="true" duration-ms="694" started-at="2020-05-31T15:12:49 IST" finished-at="2020-05-31T15:12:49 IST">
          <reporter-output>
          </reporter-output>
        </test-method> <!-- teardown -->
      </class> <!-- testcases.Test1 -->
    </test> <!-- Default test -->
  </suite> <!-- Default suite -->
</testng-results>
